<?xml version="1.0" encoding="UTF-8"?>
<!-- Generated by org.testng.reporters.JUnitXMLReporter -->
<testsuite ignored="0" hostname="LAPTOP-JDN88TTV" failures="0" tests="27" name="Default test" time="93435.498" errors="0" timestamp="2024-06-04T16:19:14 EDT">
  <testcase classname="Resources.Figures" name="EN_US_PV" time="3839.024"/>
  <testcase classname="Resources.Figures" name="EN_US_CV" time="4782.351"/>
  <testcase classname="Resources.Figures" name="PT_PV" time="3560.413"/>
  <testcase classname="Resources.Figures" name="PT_CV" time="4633.219"/>
  <testcase classname="Resources.Figures" name="JA_PV" time="3465.145"/>
  <testcase classname="Resources.Figures" name="JA_CV" time="4495.063"/>
  <testcase classname="Resources.Figures" name="FR_PV" time="3483.796"/>
  <testcase classname="Resources.Figures" name="FR_CV" time="4427.156"/>
  <testcase classname="Resources.Figures" name="ES_PV" time="3611.274"/>
  <testcase classname="Resources.Figures" name="ES_CV" time="4220.608"/>
  <testcase classname="Resources.Figures" name="DE_PV" time="3053.265"/>
  <testcase classname="Resources.Figures" name="DE_CV" time="4320.681"/>
  <testcase classname="Resources.Figures" name="IT_PV" time="3432.192"/>
  <testcase classname="Resources.Figures" name="IT_CV" time="4219.122"/>
  <testcase classname="Resources.Figures" name="RU_PV" time="3466.296"/>
  <testcase classname="Resources.Figures" name="RU_CV" time="34.468"/>
  <testcase classname="Resources.Figures" name="ZH_PV" time="123.455"/>
  <testcase classname="Resources.Figures" name="ZH_CV" time="117.383"/>
  <testcase classname="Resources.Figures" name="KO_CV" time="4323.264"/>
  <testcase classname="Resources.Figures" name="MM_VET" time="3432.997"/>
  <testcase classname="Resources.Figures" name="MSD_VET" time="3110.856"/>
  <testcase classname="Resources.Figures" name="EN_MSD_PV" time="3410.227"/>
  <testcase classname="Resources.Figures" name="EN_MSD_CV" time="4364.442"/>
  <testcase classname="Resources.Figures" name="AR_MSD_CV" time="4196.253"/>
  <testcase classname="Resources.Figures" name="VI_MSD_PV" time="3720.822"/>
  <testcase classname="Resources.Figures" name="UK_PV" time="3248.822"/>
  <testcase classname="Resources.Figures" name="HI_CV" time="4342.454"/>
</testsuite> <!-- Default test -->
