<?xml version="1.0" encoding="UTF-8"?>
<testng-results ignored="0" total="27" passed="27" failed="0" skipped="0">
  <reporter-output>
  </reporter-output>
  <suite started-at="2024-06-03T14:21:59 EDT" name="Default suite" finished-at="2024-06-04T16:19:14 EDT" duration-ms="93435498">
    <groups>
    </groups>
    <test started-at="2024-06-03T14:21:59 EDT" name="Default test" finished-at="2024-06-04T16:19:14 EDT" duration-ms="93435498">
      <class name="Resources.Figures">
        <test-method is-config="true" signature="startBrowser()[pri:0, instance:Resources.Figures@a38c7fe]" started-at="2024-06-03T14:21:59 EDT" name="startBrowser" finished-at="2024-06-03T14:21:59 EDT" duration-ms="349" status="PASS">
          <reporter-output>
          </reporter-output>
        </test-method> <!-- startBrowser -->
        <test-method signature="EN_US_PV()[pri:1, instance:Resources.Figures@a38c7fe]" started-at="2024-06-03T14:21:59 EDT" name="EN_US_PV" description="EN-US PV" finished-at="2024-06-03T15:25:58 EDT" duration-ms="3839024" status="PASS">
          <reporter-output>
          </reporter-output>
        </test-method> <!-- EN_US_PV -->
        <test-method signature="EN_US_CV()[pri:2, instance:Resources.Figures@a38c7fe]" started-at="2024-06-03T15:25:58 EDT" name="EN_US_CV" description="EN-US CV" finished-at="2024-06-03T16:45:40 EDT" duration-ms="4782351" status="PASS">
          <reporter-output>
          </reporter-output>
        </test-method> <!-- EN_US_CV -->
        <test-method signature="PT_PV()[pri:3, instance:Resources.Figures@a38c7fe]" started-at="2024-06-03T16:45:40 EDT" name="PT_PV" description="PT PV" finished-at="2024-06-03T17:45:01 EDT" duration-ms="3560413" status="PASS">
          <reporter-output>
          </reporter-output>
        </test-method> <!-- PT_PV -->
        <test-method signature="PT_CV()[pri:4, instance:Resources.Figures@a38c7fe]" started-at="2024-06-03T17:45:01 EDT" name="PT_CV" description="PT CV" finished-at="2024-06-03T19:02:14 EDT" duration-ms="4633219" status="PASS">
          <reporter-output>
          </reporter-output>
        </test-method> <!-- PT_CV -->
        <test-method signature="JA_PV()[pri:5, instance:Resources.Figures@a38c7fe]" started-at="2024-06-03T19:02:14 EDT" name="JA_PV" description="JA PV" finished-at="2024-06-03T19:59:59 EDT" duration-ms="3465145" status="PASS">
          <reporter-output>
          </reporter-output>
        </test-method> <!-- JA_PV -->
        <test-method signature="JA_CV()[pri:6, instance:Resources.Figures@a38c7fe]" started-at="2024-06-03T19:59:59 EDT" name="JA_CV" description="JA CV" finished-at="2024-06-03T21:14:54 EDT" duration-ms="4495063" status="PASS">
          <reporter-output>
          </reporter-output>
        </test-method> <!-- JA_CV -->
        <test-method signature="FR_PV()[pri:7, instance:Resources.Figures@a38c7fe]" started-at="2024-06-03T21:14:54 EDT" name="FR_PV" description="FR PV" finished-at="2024-06-03T22:12:58 EDT" duration-ms="3483796" status="PASS">
          <reporter-output>
          </reporter-output>
        </test-method> <!-- FR_PV -->
        <test-method signature="FR_CV()[pri:8, instance:Resources.Figures@a38c7fe]" started-at="2024-06-03T22:12:58 EDT" name="FR_CV" description="FR CV" finished-at="2024-06-03T23:26:45 EDT" duration-ms="4427156" status="PASS">
          <reporter-output>
          </reporter-output>
        </test-method> <!-- FR_CV -->
        <test-method signature="ES_PV()[pri:9, instance:Resources.Figures@a38c7fe]" started-at="2024-06-03T23:26:45 EDT" name="ES_PV" description="ES PV" finished-at="2024-06-04T00:26:56 EDT" duration-ms="3611274" status="PASS">
          <reporter-output>
          </reporter-output>
        </test-method> <!-- ES_PV -->
        <test-method signature="ES_CV()[pri:10, instance:Resources.Figures@a38c7fe]" started-at="2024-06-04T00:26:56 EDT" name="ES_CV" description="ES CV" finished-at="2024-06-04T01:37:17 EDT" duration-ms="4220608" status="PASS">
          <reporter-output>
          </reporter-output>
        </test-method> <!-- ES_CV -->
        <test-method signature="DE_PV()[pri:11, instance:Resources.Figures@a38c7fe]" started-at="2024-06-04T01:37:17 EDT" name="DE_PV" description="DE PV" finished-at="2024-06-04T02:28:10 EDT" duration-ms="3053265" status="PASS">
          <reporter-output>
          </reporter-output>
        </test-method> <!-- DE_PV -->
        <test-method signature="DE_CV()[pri:12, instance:Resources.Figures@a38c7fe]" started-at="2024-06-04T02:28:10 EDT" name="DE_CV" description="DE CV" finished-at="2024-06-04T03:40:11 EDT" duration-ms="4320681" status="PASS">
          <reporter-output>
          </reporter-output>
        </test-method> <!-- DE_CV -->
        <test-method signature="IT_PV()[pri:13, instance:Resources.Figures@a38c7fe]" started-at="2024-06-04T03:40:11 EDT" name="IT_PV" description="IT PV" finished-at="2024-06-04T04:37:23 EDT" duration-ms="3432192" status="PASS">
          <reporter-output>
          </reporter-output>
        </test-method> <!-- IT_PV -->
        <test-method signature="IT_CV()[pri:14, instance:Resources.Figures@a38c7fe]" started-at="2024-06-04T04:37:23 EDT" name="IT_CV" description="IT CV" finished-at="2024-06-04T05:47:42 EDT" duration-ms="4219122" status="PASS">
          <reporter-output>
          </reporter-output>
        </test-method> <!-- IT_CV -->
        <test-method signature="RU_PV()[pri:15, instance:Resources.Figures@a38c7fe]" started-at="2024-06-04T05:47:42 EDT" name="RU_PV" description="RU PV" finished-at="2024-06-04T06:45:29 EDT" duration-ms="3466296" status="PASS">
          <reporter-output>
          </reporter-output>
        </test-method> <!-- RU_PV -->
        <test-method signature="RU_CV()[pri:16, instance:Resources.Figures@a38c7fe]" started-at="2024-06-04T06:45:29 EDT" name="RU_CV" description="RU CV" finished-at="2024-06-04T06:46:03 EDT" duration-ms="34468" status="PASS">
          <reporter-output>
          </reporter-output>
        </test-method> <!-- RU_CV -->
        <test-method signature="ZH_PV()[pri:17, instance:Resources.Figures@a38c7fe]" started-at="2024-06-04T06:46:03 EDT" name="ZH_PV" description="CN PV" finished-at="2024-06-04T06:48:07 EDT" duration-ms="123455" status="PASS">
          <reporter-output>
          </reporter-output>
        </test-method> <!-- ZH_PV -->
        <test-method signature="ZH_CV()[pri:18, instance:Resources.Figures@a38c7fe]" started-at="2024-06-04T06:48:07 EDT" name="ZH_CV" description="CN CV" finished-at="2024-06-04T06:50:04 EDT" duration-ms="117383" status="PASS">
          <reporter-output>
          </reporter-output>
        </test-method> <!-- ZH_CV -->
        <test-method signature="KO_CV()[pri:19, instance:Resources.Figures@a38c7fe]" started-at="2024-06-04T06:50:04 EDT" name="KO_CV" description="KO CV" finished-at="2024-06-04T08:02:07 EDT" duration-ms="4323264" status="PASS">
          <reporter-output>
          </reporter-output>
        </test-method> <!-- KO_CV -->
        <test-method signature="MM_VET()[pri:20, instance:Resources.Figures@a38c7fe]" started-at="2024-06-04T08:02:07 EDT" name="MM_VET" description="MM VET" finished-at="2024-06-04T08:59:20 EDT" duration-ms="3432997" status="PASS">
          <reporter-output>
          </reporter-output>
        </test-method> <!-- MM_VET -->
        <test-method signature="MSD_VET()[pri:21, instance:Resources.Figures@a38c7fe]" started-at="2024-06-04T08:59:20 EDT" name="MSD_VET" description="MSD VET" finished-at="2024-06-04T09:51:11 EDT" duration-ms="3110856" status="PASS">
          <reporter-output>
          </reporter-output>
        </test-method> <!-- MSD_VET -->
        <test-method signature="EN_MSD_PV()[pri:22, instance:Resources.Figures@a38c7fe]" started-at="2024-06-04T09:51:11 EDT" name="EN_MSD_PV" description="EN MSD PV" finished-at="2024-06-04T10:48:01 EDT" duration-ms="3410227" status="PASS">
          <reporter-output>
          </reporter-output>
        </test-method> <!-- EN_MSD_PV -->
        <test-method signature="EN_MSD_CV()[pri:23, instance:Resources.Figures@a38c7fe]" started-at="2024-06-04T10:48:01 EDT" name="EN_MSD_CV" description="EN MSD CV" finished-at="2024-06-04T12:00:46 EDT" duration-ms="4364442" status="PASS">
          <reporter-output>
          </reporter-output>
        </test-method> <!-- EN_MSD_CV -->
        <test-method signature="AR_MSD_CV()[pri:24, instance:Resources.Figures@a38c7fe]" started-at="2024-06-04T12:00:46 EDT" name="AR_MSD_CV" description="AR MSD CV" finished-at="2024-06-04T13:10:42 EDT" duration-ms="4196253" status="PASS">
          <reporter-output>
          </reporter-output>
        </test-method> <!-- AR_MSD_CV -->
        <test-method signature="VI_MSD_PV()[pri:25, instance:Resources.Figures@a38c7fe]" started-at="2024-06-04T13:10:42 EDT" name="VI_MSD_PV" description="VI MSD PV" finished-at="2024-06-04T14:12:43 EDT" duration-ms="3720822" status="PASS">
          <reporter-output>
          </reporter-output>
        </test-method> <!-- VI_MSD_PV -->
        <test-method signature="UK_PV()[pri:26, instance:Resources.Figures@a38c7fe]" started-at="2024-06-04T14:12:43 EDT" name="UK_PV" description="UK PV" finished-at="2024-06-04T15:06:52 EDT" duration-ms="3248822" status="PASS">
          <reporter-output>
          </reporter-output>
        </test-method> <!-- UK_PV -->
        <test-method signature="HI_CV()[pri:27, instance:Resources.Figures@a38c7fe]" started-at="2024-06-04T15:06:52 EDT" name="HI_CV" description="HI CV" finished-at="2024-06-04T16:19:14 EDT" duration-ms="4342454" status="PASS">
          <reporter-output>
          </reporter-output>
        </test-method> <!-- HI_CV -->
        <test-method is-config="true" signature="CloseBrowser()[pri:0, instance:Resources.Figures@a38c7fe]" started-at="2024-06-04T16:19:14 EDT" name="CloseBrowser" finished-at="2024-06-04T16:19:14 EDT" duration-ms="1" status="PASS">
          <reporter-output>
          </reporter-output>
        </test-method> <!-- CloseBrowser -->
      </class> <!-- Resources.Figures -->
    </test> <!-- Default test -->
  </suite> <!-- Default suite -->
</testng-results>
